<?xml version="1.0" encoding="UTF-8"?>
<testsuite name="org.battles.battles.service.MemberServiceTest" tests="4" skipped="0" failures="0" errors="0" timestamp="2022-08-06T16:58:14" hostname="imchanyang-MacBookPro.local" time="0.059">
  <properties/>
  <testcase name="findOne()" classname="org.battles.battles.service.MemberServiceTest" time="0.013"/>
  <testcase name="중복_회원_예외()" classname="org.battles.battles.service.MemberServiceTest" time="0.042"/>
  <testcase name="회원가입()" classname="org.battles.battles.service.MemberServiceTest" time="0.001"/>
  <testcase name="findMembers()" classname="org.battles.battles.service.MemberServiceTest" time="0.001"/>
  <system-out><![CDATA[]]></system-out>
  <system-err><![CDATA[]]></system-err>
</testsuite>
